2023/03/19 07:41:06 [notice] 1#1: using the "epoll" event method
2023/03/19 07:41:06 [notice] 1#1: nginx/1.22.1
2023/03/19 07:41:06 [notice] 1#1: built by gcc 11.2.1 20220219 (Alpine 11.2.1_git20220219) 
2023/03/19 07:41:06 [notice] 1#1: OS: Linux 5.10.16.3-microsoft-standard-WSL2
2023/03/19 07:41:06 [notice] 1#1: getrlimit(RLIMIT_NOFILE): 1048576:1048576
2023/03/19 07:41:06 [notice] 1#1: start worker processes
2023/03/19 07:41:06 [notice] 1#1: start worker process 29
2023/03/19 07:41:06 [notice] 1#1: start worker process 30
2023/03/19 07:41:06 [notice] 1#1: start worker process 31
2023/03/19 07:41:06 [notice] 1#1: start worker process 32
2023/03/19 07:51:36 [error] 29#29: *1 directory index of "/var/www/html/" is forbidden, client: 172.25.0.1, server: , request: "GET / HTTP/1.1", host: "localhost:8080"
2023/03/19 07:52:07 [error] 29#29: *1 directory index of "/var/www/html/" is forbidden, client: 172.25.0.1, server: , request: "GET / HTTP/1.1", host: "localhost:8080"
2023/03/19 07:52:39 [error] 29#29: *1 directory index of "/var/www/html/" is forbidden, client: 172.25.0.1, server: , request: "GET / HTTP/1.1", host: "localhost:8080"
2023/03/19 07:52:53 [error] 29#29: *1 directory index of "/var/www/html/" is forbidden, client: 172.25.0.1, server: , request: "GET / HTTP/1.1", host: "localhost:8080"
2023/03/19 07:56:18 [notice] 1#1: signal 3 (SIGQUIT) received, shutting down
2023/03/19 07:56:18 [notice] 30#30: gracefully shutting down
2023/03/19 07:56:18 [notice] 31#31: gracefully shutting down
2023/03/19 07:56:18 [notice] 32#32: gracefully shutting down
2023/03/19 07:56:18 [notice] 29#29: gracefully shutting down
2023/03/19 07:56:18 [notice] 30#30: exiting
2023/03/19 07:56:18 [notice] 30#30: exit
2023/03/19 07:56:18 [notice] 31#31: exiting
2023/03/19 07:56:18 [notice] 32#32: exiting
2023/03/19 07:56:18 [notice] 29#29: exiting
2023/03/19 07:56:18 [notice] 31#31: exit
2023/03/19 07:56:18 [notice] 32#32: exit
2023/03/19 07:56:18 [notice] 29#29: exit
2023/03/19 07:56:18 [notice] 1#1: signal 17 (SIGCHLD) received from 29
2023/03/19 07:56:18 [notice] 1#1: worker process 29 exited with code 0
2023/03/19 07:56:18 [notice] 1#1: worker process 30 exited with code 0
2023/03/19 07:56:18 [notice] 1#1: worker process 31 exited with code 0
2023/03/19 07:56:18 [notice] 1#1: worker process 32 exited with code 0
2023/03/19 07:56:18 [notice] 1#1: exit
2023/03/19 07:57:23 [notice] 1#1: using the "epoll" event method
2023/03/19 07:57:23 [notice] 1#1: nginx/1.22.1
2023/03/19 07:57:23 [notice] 1#1: built by gcc 11.2.1 20220219 (Alpine 11.2.1_git20220219) 
2023/03/19 07:57:23 [notice] 1#1: OS: Linux 5.10.16.3-microsoft-standard-WSL2
2023/03/19 07:57:23 [notice] 1#1: getrlimit(RLIMIT_NOFILE): 1048576:1048576
2023/03/19 07:57:23 [notice] 1#1: start worker processes
2023/03/19 07:57:23 [notice] 1#1: start worker process 29
2023/03/19 07:57:23 [notice] 1#1: start worker process 30
2023/03/19 07:57:23 [notice] 1#1: start worker process 31
2023/03/19 07:57:23 [notice] 1#1: start worker process 32
2023/03/19 07:57:52 [error] 29#29: *1 directory index of "/var/www/html/" is forbidden, client: 172.26.0.1, server: , request: "GET / HTTP/1.1", host: "localhost:8080"
2023/03/19 07:57:53 [error] 29#29: *1 directory index of "/var/www/html/" is forbidden, client: 172.26.0.1, server: , request: "GET / HTTP/1.1", host: "localhost:8080"
2023/03/19 07:58:01 [notice] 1#1: signal 3 (SIGQUIT) received, shutting down
2023/03/19 07:58:01 [notice] 29#29: gracefully shutting down
2023/03/19 07:58:01 [notice] 30#30: gracefully shutting down
2023/03/19 07:58:01 [notice] 31#31: gracefully shutting down
2023/03/19 07:58:01 [notice] 29#29: exiting
2023/03/19 07:58:01 [notice] 31#31: exiting
2023/03/19 07:58:01 [notice] 29#29: exit
2023/03/19 07:58:01 [notice] 32#32: gracefully shutting down
2023/03/19 07:58:01 [notice] 31#31: exit
2023/03/19 07:58:01 [notice] 32#32: exiting
2023/03/19 07:58:01 [notice] 32#32: exit
2023/03/19 07:58:01 [notice] 1#1: signal 17 (SIGCHLD) received from 29
2023/03/19 07:58:01 [notice] 1#1: worker process 29 exited with code 0
2023/03/19 07:58:01 [notice] 1#1: worker process 32 exited with code 0
2023/03/19 07:58:01 [notice] 1#1: signal 29 (SIGIO) received
2023/03/19 07:58:01 [notice] 1#1: signal 17 (SIGCHLD) received from 32
2023/03/19 07:58:01 [notice] 1#1: signal 17 (SIGCHLD) received from 31
2023/03/19 07:58:01 [notice] 1#1: worker process 31 exited with code 0
2023/03/19 07:58:01 [notice] 1#1: signal 29 (SIGIO) received
2023/03/19 08:21:16 [notice] 1#1: using the "epoll" event method
2023/03/19 08:21:16 [notice] 1#1: nginx/1.22.1
2023/03/19 08:21:16 [notice] 1#1: built by gcc 11.2.1 20220219 (Alpine 11.2.1_git20220219) 
2023/03/19 08:21:16 [notice] 1#1: OS: Linux 5.10.16.3-microsoft-standard-WSL2
2023/03/19 08:21:16 [notice] 1#1: getrlimit(RLIMIT_NOFILE): 1048576:1048576
2023/03/19 08:21:16 [notice] 1#1: start worker processes
2023/03/19 08:21:16 [notice] 1#1: start worker process 29
2023/03/19 08:21:16 [notice] 1#1: start worker process 30
2023/03/19 08:21:16 [notice] 1#1: start worker process 31
2023/03/19 08:21:16 [notice] 1#1: start worker process 32
2023/03/19 08:21:29 [error] 30#30: *2 connect() failed (111: Connection refused) while connecting to upstream, client: 172.28.0.1, server: , request: "GET / HTTP/1.1", upstream: "fastcgi://172.28.0.3:9000", host: "localhost:8080"
2023/03/19 08:21:31 [error] 30#30: *2 connect() failed (111: Connection refused) while connecting to upstream, client: 172.28.0.1, server: , request: "GET / HTTP/1.1", upstream: "fastcgi://172.28.0.3:9000", host: "localhost:8080"
2023/03/19 08:21:32 [error] 30#30: *2 connect() failed (111: Connection refused) while connecting to upstream, client: 172.28.0.1, server: , request: "GET / HTTP/1.1", upstream: "fastcgi://172.28.0.3:9000", host: "localhost:8080"
2023/03/19 08:21:32 [error] 30#30: *2 connect() failed (111: Connection refused) while connecting to upstream, client: 172.28.0.1, server: , request: "GET / HTTP/1.1", upstream: "fastcgi://172.28.0.3:9000", host: "localhost:8080"
2023/03/19 09:06:49 [notice] 1#1: signal 3 (SIGQUIT) received, shutting down
2023/03/19 09:06:49 [notice] 30#30: gracefully shutting down
2023/03/19 09:06:49 [notice] 32#32: gracefully shutting down
2023/03/19 09:06:49 [notice] 31#31: gracefully shutting down
2023/03/19 09:06:49 [notice] 29#29: gracefully shutting down
2023/03/19 09:06:49 [notice] 30#30: exiting
2023/03/19 09:06:49 [notice] 29#29: exiting
2023/03/19 09:06:49 [notice] 31#31: exiting
2023/03/19 09:06:49 [notice] 32#32: exiting
2023/03/19 09:06:49 [notice] 29#29: exit
2023/03/19 09:06:49 [notice] 32#32: exit
2023/03/19 09:06:49 [notice] 30#30: exit
2023/03/19 09:06:49 [notice] 31#31: exit
2023/03/19 09:06:51 [notice] 1#1: signal 17 (SIGCHLD) received from 30
2023/03/19 09:06:51 [notice] 1#1: worker process 30 exited with code 0
2023/03/19 09:06:51 [notice] 1#1: signal 29 (SIGIO) received
2023/03/19 09:06:51 [notice] 1#1: signal 17 (SIGCHLD) received from 31
2023/03/19 09:06:51 [notice] 1#1: worker process 29 exited with code 0
2023/03/19 09:06:51 [notice] 1#1: worker process 31 exited with code 0
2023/03/19 09:06:51 [notice] 1#1: signal 29 (SIGIO) received
2023/03/19 09:06:51 [notice] 1#1: signal 17 (SIGCHLD) received from 29
2023/03/19 09:06:51 [notice] 1#1: signal 17 (SIGCHLD) received from 32
2023/03/19 09:06:51 [notice] 1#1: worker process 32 exited with code 0
2023/03/19 09:06:51 [notice] 1#1: exit
2023/03/19 09:07:16 [notice] 1#1: using the "epoll" event method
2023/03/19 09:07:16 [notice] 1#1: nginx/1.22.1
2023/03/19 09:07:16 [notice] 1#1: built by gcc 11.2.1 20220219 (Alpine 11.2.1_git20220219) 
2023/03/19 09:07:16 [notice] 1#1: OS: Linux 5.10.16.3-microsoft-standard-WSL2
2023/03/19 09:07:16 [notice] 1#1: getrlimit(RLIMIT_NOFILE): 1048576:1048576
2023/03/19 09:07:16 [notice] 1#1: start worker processes
2023/03/19 09:07:16 [notice] 1#1: start worker process 30
2023/03/19 09:07:16 [notice] 1#1: start worker process 31
2023/03/19 09:07:16 [notice] 1#1: start worker process 32
2023/03/19 09:07:16 [notice] 1#1: start worker process 33
2023/03/19 09:32:00 [notice] 1#1: signal 3 (SIGQUIT) received, shutting down
2023/03/19 09:32:00 [notice] 31#31: gracefully shutting down
2023/03/19 09:32:00 [notice] 32#32: gracefully shutting down
2023/03/19 09:32:00 [notice] 32#32: exiting
2023/03/19 09:32:00 [notice] 33#33: gracefully shutting down
2023/03/19 09:32:00 [notice] 31#31: exiting
2023/03/19 09:32:00 [notice] 33#33: exiting
2023/03/19 09:32:00 [notice] 30#30: gracefully shutting down
2023/03/19 09:32:00 [notice] 30#30: exiting
2023/03/19 09:32:00 [notice] 32#32: exit
2023/03/19 09:32:00 [notice] 31#31: exit
2023/03/19 09:32:00 [notice] 33#33: exit
2023/03/19 09:32:00 [notice] 30#30: exit
2023/03/19 09:32:01 [notice] 1#1: signal 17 (SIGCHLD) received from 31
2023/03/19 09:32:01 [notice] 1#1: worker process 31 exited with code 0
2023/03/19 09:32:01 [notice] 1#1: worker process 33 exited with code 0
2023/03/19 09:32:01 [notice] 1#1: signal 29 (SIGIO) received
2023/03/19 09:32:01 [notice] 1#1: signal 17 (SIGCHLD) received from 30
2023/03/19 09:32:01 [notice] 1#1: worker process 30 exited with code 0
2023/03/19 09:32:01 [notice] 1#1: signal 29 (SIGIO) received
2023/03/19 09:32:01 [notice] 1#1: signal 17 (SIGCHLD) received from 32
2023/03/19 09:32:01 [notice] 1#1: worker process 32 exited with code 0
2023/03/19 09:32:01 [notice] 1#1: exit
